<?xml version="1.0" encoding="UTF-8"?>
<testng-results ignored="0" total="19" passed="19" failed="0" skipped="0">
  <reporter-output>
  </reporter-output>
  <suite started-at="2022-07-04T22:14:56 EDT" name="Default suite" finished-at="2022-07-04T22:20:11 EDT" duration-ms="315552">
    <groups>
      <group name="cucumber">
        <method signature="AbstractTestNGCucumberTests.runScenario(io.cucumber.testng.PickleWrapper,io.cucumber.testng.FeatureWrapper)[pri:0, instance:runner.Testrunner@335b5620]" name="runScenario" class="io.cucumber.testng.AbstractTestNGCucumberTests"/>
      </group> <!-- cucumber -->
    </groups>
    <test started-at="2022-07-04T22:14:56 EDT" name="Default test" finished-at="2022-07-04T22:20:11 EDT" duration-ms="315552">
      <class name="runner.Testrunner">
        <test-method is-config="true" signature="setUpClass(org.testng.ITestContext)[pri:0, instance:runner.Testrunner@335b5620]" started-at="2022-07-04T22:14:56 EDT" name="setUpClass" finished-at="2022-07-04T22:14:56 EDT" duration-ms="584" status="PASS">
          <params>
            <param index="0">
              <value>
                <![CDATA[org.testng.TestRunner@45fa7fb7]]>
              </value>
            </param>
          </params>
          <reporter-output>
          </reporter-output>
        </test-method> <!-- setUpClass -->
        <test-method signature="runScenario(io.cucumber.testng.PickleWrapper,io.cucumber.testng.FeatureWrapper)[pri:0, instance:runner.Testrunner@335b5620]" started-at="2022-07-04T22:14:56 EDT" name="runScenario" description="Runs Cucumber Scenarios" data-provider="scenarios" finished-at="2022-07-04T22:15:07 EDT" duration-ms="11073" status="PASS">
          <params>
            <param index="0">
              <value>
                <![CDATA["Signin link"]]>
              </value>
            </param>
            <param index="1">
              <value>
                <![CDATA["Homepage Sign in link"]]>
              </value>
            </param>
          </params>
          <reporter-output>
          </reporter-output>
        </test-method> <!-- runScenario -->
        <test-method signature="runScenario(io.cucumber.testng.PickleWrapper,io.cucumber.testng.FeatureWrapper)[pri:0, instance:runner.Testrunner@335b5620]" started-at="2022-07-04T22:15:08 EDT" name="runScenario" description="Runs Cucumber Scenarios" data-provider="scenarios" finished-at="2022-07-04T22:15:24 EDT" duration-ms="16552" status="PASS">
          <params>
            <param index="0">
              <value>
                <![CDATA["Title of your scenario"]]>
              </value>
            </param>
            <param index="1">
              <value>
                <![CDATA["SignIn"]]>
              </value>
            </param>
          </params>
          <reporter-output>
          </reporter-output>
        </test-method> <!-- runScenario -->
        <test-method signature="runScenario(io.cucumber.testng.PickleWrapper,io.cucumber.testng.FeatureWrapper)[pri:0, instance:runner.Testrunner@335b5620]" started-at="2022-07-04T22:15:24 EDT" name="runScenario" description="Runs Cucumber Scenarios" data-provider="scenarios" finished-at="2022-07-04T22:15:40 EDT" duration-ms="15683" status="PASS">
          <params>
            <param index="0">
              <value>
                <![CDATA["Queue"]]>
              </value>
            </param>
            <param index="1">
              <value>
                <![CDATA["dque"]]>
              </value>
            </param>
          </params>
          <reporter-output>
          </reporter-output>
        </test-method> <!-- runScenario -->
        <test-method signature="runScenario(io.cucumber.testng.PickleWrapper,io.cucumber.testng.FeatureWrapper)[pri:0, instance:runner.Testrunner@335b5620]" started-at="2022-07-04T22:15:40 EDT" name="runScenario" description="Runs Cucumber Scenarios" data-provider="scenarios" finished-at="2022-07-04T22:15:56 EDT" duration-ms="15992" status="PASS">
          <params>
            <param index="0">
              <value>
                <![CDATA["Queue in Python"]]>
              </value>
            </param>
            <param index="1">
              <value>
                <![CDATA["dque"]]>
              </value>
            </param>
          </params>
          <reporter-output>
          </reporter-output>
        </test-method> <!-- runScenario -->
        <test-method signature="runScenario(io.cucumber.testng.PickleWrapper,io.cucumber.testng.FeatureWrapper)[pri:0, instance:runner.Testrunner@335b5620]" started-at="2022-07-04T22:15:56 EDT" name="runScenario" description="Runs Cucumber Scenarios" data-provider="scenarios" finished-at="2022-07-04T22:16:16 EDT" duration-ms="20696" status="PASS">
          <params>
            <param index="0">
              <value>
                <![CDATA["Queue in Python tryhere btn"]]>
              </value>
            </param>
            <param index="1">
              <value>
                <![CDATA["dque"]]>
              </value>
            </param>
          </params>
          <reporter-output>
          </reporter-output>
        </test-method> <!-- runScenario -->
        <test-method signature="runScenario(io.cucumber.testng.PickleWrapper,io.cucumber.testng.FeatureWrapper)[pri:0, instance:runner.Testrunner@335b5620]" started-at="2022-07-04T22:16:16 EDT" name="runScenario" description="Runs Cucumber Scenarios" data-provider="scenarios" finished-at="2022-07-04T22:16:31 EDT" duration-ms="14807" status="PASS">
          <params>
            <param index="0">
              <value>
                <![CDATA["Implementation using Collections.deque button"]]>
              </value>
            </param>
            <param index="1">
              <value>
                <![CDATA["dque"]]>
              </value>
            </param>
          </params>
          <reporter-output>
          </reporter-output>
        </test-method> <!-- runScenario -->
        <test-method signature="runScenario(io.cucumber.testng.PickleWrapper,io.cucumber.testng.FeatureWrapper)[pri:0, instance:runner.Testrunner@335b5620]" started-at="2022-07-04T22:16:31 EDT" name="runScenario" description="Runs Cucumber Scenarios" data-provider="scenarios" finished-at="2022-07-04T22:16:51 EDT" duration-ms="19757" status="PASS">
          <params>
            <param index="0">
              <value>
                <![CDATA["Implementation using Collections.deque page tryhere"]]>
              </value>
            </param>
            <param index="1">
              <value>
                <![CDATA["dque"]]>
              </value>
            </param>
          </params>
          <reporter-output>
          </reporter-output>
        </test-method> <!-- runScenario -->
        <test-method signature="runScenario(io.cucumber.testng.PickleWrapper,io.cucumber.testng.FeatureWrapper)[pri:0, instance:runner.Testrunner@335b5620]" started-at="2022-07-04T22:16:51 EDT" name="runScenario" description="Runs Cucumber Scenarios" data-provider="scenarios" finished-at="2022-07-04T22:17:04 EDT" duration-ms="12858" status="PASS">
          <params>
            <param index="0">
              <value>
                <![CDATA["Implementation using Array"]]>
              </value>
            </param>
            <param index="1">
              <value>
                <![CDATA["dque"]]>
              </value>
            </param>
          </params>
          <reporter-output>
          </reporter-output>
        </test-method> <!-- runScenario -->
        <test-method signature="runScenario(io.cucumber.testng.PickleWrapper,io.cucumber.testng.FeatureWrapper)[pri:0, instance:runner.Testrunner@335b5620]" started-at="2022-07-04T22:17:04 EDT" name="runScenario" description="Runs Cucumber Scenarios" data-provider="scenarios" finished-at="2022-07-04T22:17:22 EDT" duration-ms="18482" status="PASS">
          <params>
            <param index="0">
              <value>
                <![CDATA["Implementation using Array tryhere"]]>
              </value>
            </param>
            <param index="1">
              <value>
                <![CDATA["dque"]]>
              </value>
            </param>
          </params>
          <reporter-output>
          </reporter-output>
        </test-method> <!-- runScenario -->
        <test-method signature="runScenario(io.cucumber.testng.PickleWrapper,io.cucumber.testng.FeatureWrapper)[pri:0, instance:runner.Testrunner@335b5620]" started-at="2022-07-04T22:17:22 EDT" name="runScenario" description="Runs Cucumber Scenarios" data-provider="scenarios" finished-at="2022-07-04T22:17:38 EDT" duration-ms="15185" status="PASS">
          <params>
            <param index="0">
              <value>
                <![CDATA["Queue Operations"]]>
              </value>
            </param>
            <param index="1">
              <value>
                <![CDATA["dque"]]>
              </value>
            </param>
          </params>
          <reporter-output>
          </reporter-output>
        </test-method> <!-- runScenario -->
        <test-method signature="runScenario(io.cucumber.testng.PickleWrapper,io.cucumber.testng.FeatureWrapper)[pri:0, instance:runner.Testrunner@335b5620]" started-at="2022-07-04T22:17:38 EDT" name="runScenario" description="Runs Cucumber Scenarios" data-provider="scenarios" finished-at="2022-07-04T22:17:59 EDT" duration-ms="21350" status="PASS">
          <params>
            <param index="0">
              <value>
                <![CDATA["Queue Operations in Tryhere"]]>
              </value>
            </param>
            <param index="1">
              <value>
                <![CDATA["dque"]]>
              </value>
            </param>
          </params>
          <reporter-output>
          </reporter-output>
        </test-method> <!-- runScenario -->
        <test-method signature="runScenario(io.cucumber.testng.PickleWrapper,io.cucumber.testng.FeatureWrapper)[pri:0, instance:runner.Testrunner@335b5620]" started-at="2022-07-04T22:17:59 EDT" name="runScenario" description="Runs Cucumber Scenarios" data-provider="scenarios" finished-at="2022-07-04T22:18:17 EDT" duration-ms="18459" status="PASS">
          <params>
            <param index="0">
              <value>
                <![CDATA["Queue Operations in Tryhere"]]>
              </value>
            </param>
            <param index="1">
              <value>
                <![CDATA["dque"]]>
              </value>
            </param>
          </params>
          <reporter-output>
          </reporter-output>
        </test-method> <!-- runScenario -->
        <test-method signature="runScenario(io.cucumber.testng.PickleWrapper,io.cucumber.testng.FeatureWrapper)[pri:0, instance:runner.Testrunner@335b5620]" started-at="2022-07-04T22:18:17 EDT" name="runScenario" description="Runs Cucumber Scenarios" data-provider="scenarios" finished-at="2022-07-04T22:18:30 EDT" duration-ms="12845" status="PASS">
          <params>
            <param index="0">
              <value>
                <![CDATA["Overview of Trees"]]>
              </value>
            </param>
            <param index="1">
              <value>
                <![CDATA["tree"]]>
              </value>
            </param>
          </params>
          <reporter-output>
          </reporter-output>
        </test-method> <!-- runScenario -->
        <test-method signature="runScenario(io.cucumber.testng.PickleWrapper,io.cucumber.testng.FeatureWrapper)[pri:0, instance:runner.Testrunner@335b5620]" started-at="2022-07-04T22:18:30 EDT" name="runScenario" description="Runs Cucumber Scenarios" data-provider="scenarios" finished-at="2022-07-04T22:18:44 EDT" duration-ms="13862" status="PASS">
          <params>
            <param index="0">
              <value>
                <![CDATA["Overview of Trees"]]>
              </value>
            </param>
            <param index="1">
              <value>
                <![CDATA["tree"]]>
              </value>
            </param>
          </params>
          <reporter-output>
          </reporter-output>
        </test-method> <!-- runScenario -->
        <test-method signature="runScenario(io.cucumber.testng.PickleWrapper,io.cucumber.testng.FeatureWrapper)[pri:0, instance:runner.Testrunner@335b5620]" started-at="2022-07-04T22:18:44 EDT" name="runScenario" description="Runs Cucumber Scenarios" data-provider="scenarios" finished-at="2022-07-04T22:19:05 EDT" duration-ms="21040" status="PASS">
          <params>
            <param index="0">
              <value>
                <![CDATA["Overview of Tree in Python"]]>
              </value>
            </param>
            <param index="1">
              <value>
                <![CDATA["tree"]]>
              </value>
            </param>
          </params>
          <reporter-output>
          </reporter-output>
        </test-method> <!-- runScenario -->
        <test-method signature="runScenario(io.cucumber.testng.PickleWrapper,io.cucumber.testng.FeatureWrapper)[pri:0, instance:runner.Testrunner@335b5620]" started-at="2022-07-04T22:19:05 EDT" name="runScenario" description="Runs Cucumber Scenarios" data-provider="scenarios" finished-at="2022-07-04T22:19:18 EDT" duration-ms="12721" status="PASS">
          <params>
            <param index="0">
              <value>
                <![CDATA["Binary Search Trees"]]>
              </value>
            </param>
            <param index="1">
              <value>
                <![CDATA["tree"]]>
              </value>
            </param>
          </params>
          <reporter-output>
          </reporter-output>
        </test-method> <!-- runScenario -->
        <test-method signature="runScenario(io.cucumber.testng.PickleWrapper,io.cucumber.testng.FeatureWrapper)[pri:0, instance:runner.Testrunner@335b5620]" started-at="2022-07-04T22:19:18 EDT" name="runScenario" description="Runs Cucumber Scenarios" data-provider="scenarios" finished-at="2022-07-04T22:19:38 EDT" duration-ms="20198" status="PASS">
          <params>
            <param index="0">
              <value>
                <![CDATA["Binary Search Trees in Python"]]>
              </value>
            </param>
            <param index="1">
              <value>
                <![CDATA["tree"]]>
              </value>
            </param>
          </params>
          <reporter-output>
          </reporter-output>
        </test-method> <!-- runScenario -->
        <test-method signature="runScenario(io.cucumber.testng.PickleWrapper,io.cucumber.testng.FeatureWrapper)[pri:0, instance:runner.Testrunner@335b5620]" started-at="2022-07-04T22:19:38 EDT" name="runScenario" description="Runs Cucumber Scenarios" data-provider="scenarios" finished-at="2022-07-04T22:19:52 EDT" duration-ms="14243" status="PASS">
          <params>
            <param index="0">
              <value>
                <![CDATA["Implementation Of BST"]]>
              </value>
            </param>
            <param index="1">
              <value>
                <![CDATA["tree"]]>
              </value>
            </param>
          </params>
          <reporter-output>
          </reporter-output>
        </test-method> <!-- runScenario -->
        <test-method signature="runScenario(io.cucumber.testng.PickleWrapper,io.cucumber.testng.FeatureWrapper)[pri:0, instance:runner.Testrunner@335b5620]" started-at="2022-07-04T22:19:52 EDT" name="runScenario" description="Runs Cucumber Scenarios" data-provider="scenarios" finished-at="2022-07-04T22:20:11 EDT" duration-ms="18879" status="PASS">
          <params>
            <param index="0">
              <value>
                <![CDATA["Implementation Of BST in Python"]]>
              </value>
            </param>
            <param index="1">
              <value>
                <![CDATA["tree"]]>
              </value>
            </param>
          </params>
          <reporter-output>
          </reporter-output>
        </test-method> <!-- runScenario -->
        <test-method is-config="true" signature="tearDownClass()[pri:0, instance:runner.Testrunner@335b5620]" started-at="2022-07-04T22:20:11 EDT" name="tearDownClass" finished-at="2022-07-04T22:20:11 EDT" duration-ms="66" status="PASS">
          <reporter-output>
          </reporter-output>
        </test-method> <!-- tearDownClass -->
      </class> <!-- runner.Testrunner -->
    </test> <!-- Default test -->
  </suite> <!-- Default suite -->
</testng-results>
